  Using bundled DotNet SDK version: 6.0.302
  Running UnrealBuildTool: dotnet "..\..\Engine\Binaries\DotNET\UnrealBuildTool\UnrealBuildTool.dll" TopDownEditor Win64 Development -Project="C:\UnrealEngine\CSharpForUnrealEngine5\CsTopDown\TopDown.uproject" -WaitMutex -FromMsBuild
  Log file: C:\Users\Jerome\AppData\Local\UnrealBuildTool\Log.txt
  Using 'git status' to determine working set for adaptive non-unity build (C:\UnrealEngine\CSharpForUnrealEngine5\CsTopDown).
  Invalidating makefile for TopDownEditor (working set of source files changed)
  Parsing headers for TopDownEditor
    Running Internal UnrealHeaderTool C:\UnrealEngine\CSharpForUnrealEngine5\CsTopDown\TopDown.uproject C:\UnrealEngine\CSharpForUnrealEngine5\CsTopDown\Intermediate\Build\Win64\TopDownEditor\Development\TopDownEditor.uhtmanifest -WarningsAsErrors -installed
  Total of 0 written
  Reflection code generated for TopDownEditor in 1.1412107 seconds
  Building TopDownEditor...
  Using Visual Studio 2022 14.33.31629 toolchain (C:\Program Files\Microsoft Visual Studio\2022\Community\VC\Tools\MSVC\14.33.31629) and Windows 10.0.19041.0 SDK (C:\Program Files (x86)\Windows Kits\10).
  [Upgrade]
  [Upgrade] Using backward-compatible include order. The latest version of UE has changed the order of includes, which may require code changes. The current setting is:
  [Upgrade]     IncludeOrderVersion = EngineIncludeOrderVersion.Unreal5_1
  [Upgrade] Suppress this message by setting 'IncludeOrderVersion = EngineIncludeOrderVersion.Unreal5_2;' in TopDownEditor.Target.cs.
  [Upgrade] Alternatively you can set this to 'EngineIncludeOrderVersion.Latest' to always use the latest include order. This will potentially cause compile errors when integrating new versions of the engine.
  [Upgrade]
  Determining max actions to execute in parallel (14 physical cores, 20 logical cores)
    Executing up to 14 processes, one per physical core
  Building 8 actions with 8 processes...
  [1/8] Compile [x64] CSharpCharacter.cpp
  [2/8] Compile [x64] CSharpCharacter.gen.cpp
  [3/8] Compile [x64] CSharpPlayerController.gen.cpp
  [4/8] Compile [x64] CSharpPlayerController.cpp
  [5/8] Compile [x64] TopDownGameMode.cpp
  [6/8] Link [x64] UnrealEditor-TopDown.lib
     Creating library C:\UnrealEngine\CSharpForUnrealEngine5\CsTopDown\Intermediate\Build\Win64\x64\UnrealEditor\Development\TopDown\UnrealEditor-TopDown.lib and object C:\UnrealEngine\CSharpForUnrealEngine5\CsTopDown\Intermediate\Build\Win64\x64\UnrealEditor\Development\TopDown\UnrealEditor-TopDown.exp
  [7/8] Link [x64] UnrealEditor-TopDown.dll
     Creating library C:\UnrealEngine\CSharpForUnrealEngine5\CsTopDown\Intermediate\Build\Win64\x64\UnrealEditor\Development\TopDown\UnrealEditor-TopDown.suppressed.lib and object C:\UnrealEngine\CSharpForUnrealEngine5\CsTopDown\Intermediate\Build\Win64\x64\UnrealEditor\Development\TopDown\UnrealEditor-TopDown.suppressed.exp
  [8/8] WriteMetadata TopDownEditor.target
  Total time in Parallel executor: 6.23 seconds
  Total execution time: 9.39 seconds
